2017-02-19 17:51:51.773  INFO 2212 --- [restartedMain] com.zy.App                               : Starting App on PC-20161023UMXP with PID 2212 (C:\Users\Administrator\IdeaProjects\spring-boot-hello\target\classes started by Administrator in C:\Users\Administrator\IdeaProjects\spring-boot-hello)
2017-02-19 17:51:51.780  INFO 2212 --- [restartedMain] com.zy.App                               : No active profile set, falling back to default profiles: default
2017-02-19 17:51:52.698  INFO 2212 --- [restartedMain] ationConfigEmbeddedWebApplicationContext : Refreshing org.springframework.boot.context.embedded.AnnotationConfigEmbeddedWebApplicationContext@e21b05a: startup date [Sun Feb 19 17:51:52 CST 2017]; root of context hierarchy
2017-02-19 17:51:55.582  INFO 2212 --- [restartedMain] trationDelegate$BeanPostProcessorChecker : Bean 'org.springframework.transaction.annotation.ProxyTransactionManagementConfiguration' of type [class org.springframework.transaction.annotation.ProxyTransactionManagementConfiguration$$EnhancerBySpringCGLIB$$9da303e9] is not eligible for getting processed by all BeanPostProcessors (for example: not eligible for auto-proxying)
2017-02-19 17:51:56.639  INFO 2212 --- [restartedMain] s.b.c.e.t.TomcatEmbeddedServletContainer : Tomcat initialized with port(s): 8080 (http)
2017-02-19 17:51:56.661  INFO 2212 --- [restartedMain] o.apache.catalina.core.StandardService   : Starting service Tomcat
2017-02-19 17:51:56.663  INFO 2212 --- [restartedMain] org.apache.catalina.core.StandardEngine  : Starting Servlet Engine: Apache Tomcat/8.5.5
2017-02-19 17:51:56.815  INFO 2212 --- [localhost-startStop-1] o.a.c.c.C.[Tomcat].[localhost].[/]       : Initializing Spring embedded WebApplicationContext
2017-02-19 17:51:56.816  INFO 2212 --- [localhost-startStop-1] o.s.web.context.ContextLoader            : Root WebApplicationContext: initialization completed in 4122 ms
2017-02-19 17:51:57.091  INFO 2212 --- [localhost-startStop-1] o.s.b.w.servlet.ServletRegistrationBean  : Mapping servlet: 'dispatcherServlet' to [/]
2017-02-19 17:51:57.098  INFO 2212 --- [localhost-startStop-1] o.s.b.w.servlet.FilterRegistrationBean   : Mapping filter: 'characterEncodingFilter' to: [/*]
2017-02-19 17:51:57.099  INFO 2212 --- [localhost-startStop-1] o.s.b.w.servlet.FilterRegistrationBean   : Mapping filter: 'hiddenHttpMethodFilter' to: [/*]
2017-02-19 17:51:57.099  INFO 2212 --- [localhost-startStop-1] o.s.b.w.servlet.FilterRegistrationBean   : Mapping filter: 'httpPutFormContentFilter' to: [/*]
2017-02-19 17:51:57.100  INFO 2212 --- [localhost-startStop-1] o.s.b.w.servlet.FilterRegistrationBean   : Mapping filter: 'requestContextFilter' to: [/*]
2017-02-19 17:51:57.606  INFO 2212 --- [restartedMain] j.LocalContainerEntityManagerFactoryBean : Building JPA container EntityManagerFactory for persistence unit 'default'
2017-02-19 17:51:57.636  INFO 2212 --- [restartedMain] o.hibernate.jpa.internal.util.LogHelper  : HHH000204: Processing PersistenceUnitInfo [
	name: default
	...]
2017-02-19 17:51:57.798  INFO 2212 --- [restartedMain] org.hibernate.Version                    : HHH000412: Hibernate Core {5.0.11.Final}
2017-02-19 17:51:57.800  INFO 2212 --- [restartedMain] org.hibernate.cfg.Environment            : HHH000206: hibernate.properties not found
2017-02-19 17:51:57.803  INFO 2212 --- [restartedMain] org.hibernate.cfg.Environment            : HHH000021: Bytecode provider name : javassist
2017-02-19 17:51:57.914  INFO 2212 --- [restartedMain] o.hibernate.annotations.common.Version   : HCANN000001: Hibernate Commons Annotations {5.0.1.Final}
2017-02-19 17:51:58.831  INFO 2212 --- [restartedMain] org.hibernate.dialect.Dialect            : HHH000400: Using dialect: org.hibernate.dialect.MySQL5Dialect
2017-02-19 17:51:59.654  INFO 2212 --- [restartedMain] org.hibernate.tool.hbm2ddl.SchemaUpdate  : HHH000228: Running hbm2ddl schema update
2017-02-19 17:51:59.811  INFO 2212 --- [restartedMain] j.LocalContainerEntityManagerFactoryBean : Initialized JPA EntityManagerFactory for persistence unit 'default'
2017-02-19 17:52:00.329  INFO 2212 --- [restartedMain] o.h.h.i.QueryTranslatorFactoryInitiator  : HHH000397: Using ASTQueryTranslatorFactory
2017-02-19 17:52:01.125  INFO 2212 --- [restartedMain] s.w.s.m.m.a.RequestMappingHandlerAdapter : Looking for @ControllerAdvice: org.springframework.boot.context.embedded.AnnotationConfigEmbeddedWebApplicationContext@e21b05a: startup date [Sun Feb 19 17:51:52 CST 2017]; root of context hierarchy
2017-02-19 17:52:01.271  INFO 2212 --- [restartedMain] s.w.s.m.m.a.RequestMappingHandlerMapping : Mapped "{[/cat/delete]}" onto public java.lang.String com.zy.demo.controller.CatController.delete()
2017-02-19 17:52:01.272  INFO 2212 --- [restartedMain] s.w.s.m.m.a.RequestMappingHandlerMapping : Mapped "{[/cat/save]}" onto public java.lang.String com.zy.demo.controller.CatController.save()
2017-02-19 17:52:01.274  INFO 2212 --- [restartedMain] s.w.s.m.m.a.RequestMappingHandlerMapping : Mapped "{[/cat/getAll]}" onto public java.lang.Iterable<com.zy.demo.bean.Cat> com.zy.demo.controller.CatController.getAll()
2017-02-19 17:52:01.275  INFO 2212 --- [restartedMain] s.w.s.m.m.a.RequestMappingHandlerMapping : Mapped "{[/cat/findByCatName2]}" onto public com.zy.demo.bean.Cat com.zy.demo.controller.CatController.findByCatName2(java.lang.String)
2017-02-19 17:52:01.276  INFO 2212 --- [restartedMain] s.w.s.m.m.a.RequestMappingHandlerMapping : Mapped "{[/cat/findByCatName]}" onto public com.zy.demo.bean.Cat com.zy.demo.controller.CatController.findByCatName(java.lang.String)
2017-02-19 17:52:01.276  INFO 2212 --- [restartedMain] s.w.s.m.m.a.RequestMappingHandlerMapping : Mapped "{[/cat/selectByCatName]}" onto public com.zy.demo.bean.Cat com.zy.demo.controller.CatController.selectByCatName(java.lang.String)
2017-02-19 17:52:01.277  INFO 2212 --- [restartedMain] s.w.s.m.m.a.RequestMappingHandlerMapping : Mapped "{[/helloNew]}" onto public java.lang.String com.zy.Hello2Controller.hello()
2017-02-19 17:52:01.282  INFO 2212 --- [restartedMain] s.w.s.m.m.a.RequestMappingHandlerMapping : Mapped "{[/hello]}" onto public java.lang.String com.zy.HelloController.hello()
2017-02-19 17:52:01.283  INFO 2212 --- [restartedMain] s.w.s.m.m.a.RequestMappingHandlerMapping : Mapped "{[/hello2]}" onto public java.lang.String com.zy.HelloController.hello2()
2017-02-19 17:52:01.283  INFO 2212 --- [restartedMain] s.w.s.m.m.a.RequestMappingHandlerMapping : Mapped "{[/hello3]}" onto public java.lang.String com.zy.HelloController.hello3()
2017-02-19 17:52:01.283  INFO 2212 --- [restartedMain] s.w.s.m.m.a.RequestMappingHandlerMapping : Mapped "{[/getDemo]}" onto public com.zy.Demo com.zy.HelloController.getDemo()
2017-02-19 17:52:01.284  INFO 2212 --- [restartedMain] s.w.s.m.m.a.RequestMappingHandlerMapping : Mapped "{[/templates/hello]}" onto public java.lang.String com.zy.TemplatesController.hello(java.util.Map<java.lang.String, java.lang.Object>)
2017-02-19 17:52:01.285  INFO 2212 --- [restartedMain] s.w.s.m.m.a.RequestMappingHandlerMapping : Mapped "{[/templates/helloFtl]}" onto public java.lang.String com.zy.TemplatesController.helloFtl(java.util.Map<java.lang.String, java.lang.Object>)
2017-02-19 17:52:01.287  INFO 2212 --- [restartedMain] s.w.s.m.m.a.RequestMappingHandlerMapping : Mapped "{[/error]}" onto public org.springframework.http.ResponseEntity<java.util.Map<java.lang.String, java.lang.Object>> org.springframework.boot.autoconfigure.web.BasicErrorController.error(javax.servlet.http.HttpServletRequest)
2017-02-19 17:52:01.288  INFO 2212 --- [restartedMain] s.w.s.m.m.a.RequestMappingHandlerMapping : Mapped "{[/error],produces=[text/html]}" onto public org.springframework.web.servlet.ModelAndView org.springframework.boot.autoconfigure.web.BasicErrorController.errorHtml(javax.servlet.http.HttpServletRequest,javax.servlet.http.HttpServletResponse)
2017-02-19 17:52:01.343  INFO 2212 --- [restartedMain] o.s.w.s.handler.SimpleUrlHandlerMapping  : Mapped URL path [/webjars/**] onto handler of type [class org.springframework.web.servlet.resource.ResourceHttpRequestHandler]
2017-02-19 17:52:01.344  INFO 2212 --- [restartedMain] o.s.w.s.handler.SimpleUrlHandlerMapping  : Mapped URL path [/**] onto handler of type [class org.springframework.web.servlet.resource.ResourceHttpRequestHandler]
2017-02-19 17:52:01.375  INFO 2212 --- [restartedMain] .m.m.a.ExceptionHandlerExceptionResolver : Detected @ExceptionHandler methods in globalDefaultExceptionHandler
2017-02-19 17:52:01.423  INFO 2212 --- [restartedMain] o.s.w.s.handler.SimpleUrlHandlerMapping  : Mapped URL path [/**/favicon.ico] onto handler of type [class org.springframework.web.servlet.resource.ResourceHttpRequestHandler]
2017-02-19 17:52:02.391  INFO 2212 --- [restartedMain] o.s.w.s.v.f.FreeMarkerConfigurer         : ClassTemplateLoader for Spring macros added to FreeMarker configuration
2017-02-19 17:52:02.580  INFO 2212 --- [restartedMain] o.s.b.d.a.OptionalLiveReloadServer       : LiveReload server is running on port 35729
2017-02-19 17:52:02.664  INFO 2212 --- [restartedMain] o.s.j.e.a.AnnotationMBeanExporter        : Registering beans for JMX exposure on startup
2017-02-19 17:52:02.759  INFO 2212 --- [restartedMain] s.b.c.e.t.TomcatEmbeddedServletContainer : Tomcat started on port(s): 8080 (http)
2017-02-19 17:52:02.767  INFO 2212 --- [restartedMain] com.zy.App                               : Started App in 12.003 seconds (JVM running for 12.971)
2017-02-19 17:52:14.511  INFO 2212 --- [http-nio-8080-exec-1] o.a.c.c.C.[Tomcat].[localhost].[/]       : Initializing Spring FrameworkServlet 'dispatcherServlet'
2017-02-19 17:52:14.512  INFO 2212 --- [http-nio-8080-exec-1] o.s.web.servlet.DispatcherServlet        : FrameworkServlet 'dispatcherServlet': initialization started
2017-02-19 17:52:14.540  INFO 2212 --- [http-nio-8080-exec-1] o.s.web.servlet.DispatcherServlet        : FrameworkServlet 'dispatcherServlet': initialization completed in 28 ms
2017-02-19 17:52:17.126  INFO 2212 --- [http-nio-8080-exec-2] com.zy.HelloController                   : 日志输出测试 Info
